<?xml version="1.0" encoding="UTF-8"?>
<!-- Generated by org.testng.reporters.JUnitReportReporter -->
<testsuite hostname="L70702" failures="0" tests="1" name="testVagrant.testVagrant" time="0.396" errors="0" timestamp="2022-07-27T14:07:25 IST" skipped="0">
  <testcase classname="testVagrant.testVagrant" name="findplayerinfo" time="0.396"/>
  <system-out/>
</testsuite> <!-- testVagrant.testVagrant -->
