<?xml version="1.0" encoding="UTF-8"?>
<!-- Generated by org.testng.reporters.JUnitReportReporter -->
<testsuite hostname="L70702" failures="0" tests="1" name="pk_spreecom.testVagrant" time="0.269" errors="0" timestamp="2022-07-27T13:55:45 IST" skipped="0">
  <testcase classname="pk_spreecom.testVagrant" name="findplayerinfo" time="0.269"/>
  <system-out/>
</testsuite> <!-- pk_spreecom.testVagrant -->
